<?xml version="1.0" encoding="UTF-8" ?>
<testsuite tests="24" failures="0" name="SimpleCalculatorTest" time="0.008" errors="0" skipped="0">
  <properties>
[...]
</properties>
  <testcase classname="SimpleCalculatorTest$divExceptionSimpleCalculatorTest" name="testWithParams[0]" time="0.005"/>
  <testcase classname="SimpleCalculatorTest$divExceptionSimpleCalculatorTest" name="testWithParams[1]" time="0"/>
  <testcase classname="SimpleCalculatorTest$divNormalSimpleCalculatorTest" name="testWithParam[Test 0 = (600) / (20) = (30)]" time="0"/>
  <testcase classname="SimpleCalculatorTest$divNormalSimpleCalculatorTest" name="testWithParam[Test 1 = (-5) / (2) = (-2)]" time="0"/>
  <testcase classname="SimpleCalculatorTest$divNormalSimpleCalculatorTest" name="testWithParam[Test 2 = (-120) / (-5) = (24)]" time="0"/>
  <testcase classname="SimpleCalculatorTest$divNormalSimpleCalculatorTest" name="testWithParam[Test 3 = (0) / (100) = (0)]" time="0.001"/>
  <testcase classname="SimpleCalculatorTest$multExceptionSimpleCalculatorTest" name="testWithParams[0]" time="0"/>
  <testcase classname="SimpleCalculatorTest$multNormalSimpleCalculatorTest" name="testWithParam[Test 0 = (20) * (30) = (600)]" time="0.001"/>
  <testcase classname="SimpleCalculatorTest$multNormalSimpleCalculatorTest" name="testWithParam[Test 1 = (-10) * (6) = (-60)]" time="0"/>
  <testcase classname="SimpleCalculatorTest$multNormalSimpleCalculatorTest" name="testWithParam[Test 2 = (-5) * (-10) = (50)]" time="0"/>
  <testcase classname="SimpleCalculatorTest$diffExceptionSimpleCalculatorTest" name="testWithParams[0]" time="0"/>
  <testcase classname="SimpleCalculatorTest$diffExceptionSimpleCalculatorTest" name="testWithParams[1]" time="0"/>
  <testcase classname="SimpleCalculatorTest$diffExceptionSimpleCalculatorTest" name="testWithParams[2]" time="0"/>
  <testcase classname="SimpleCalculatorTest$diffExceptionSimpleCalculatorTest" name="testWithParams[3]" time="0"/>
  <testcase classname="SimpleCalculatorTest$diffNormalSimpleCalculatorTest" name="testWithParams[Тест 0: (5) - (5) = 0]" time="0"/>
  <testcase classname="SimpleCalculatorTest$diffNormalSimpleCalculatorTest" name="testWithParams[Тест 1: (4) - (3) = 1]" time="0"/>
  <testcase classname="SimpleCalculatorTest$diffNormalSimpleCalculatorTest" name="testWithParams[Тест 2: (-3) - (2) = -5]" time="0"/>
  <testcase classname="SimpleCalculatorTest$diffNormalSimpleCalculatorTest" name="testWithParams[Тест 3: (1) - (-6) = 7]" time="0"/>
  <testcase classname="SimpleCalculatorTest$sumExceptionSimpleCalculatorTest" name="testWithParams[0]" time="0"/>
  <testcase classname="SimpleCalculatorTest$sumNormalSimpleCalculatorTest" name="testWithParams[Тест 0: (0) + (0) = 0]" time="0.001"/>
  <testcase classname="SimpleCalculatorTest$sumNormalSimpleCalculatorTest" name="testWithParams[Тест 1: (1) + (9) = 10]" time="0"/>
  <testcase classname="SimpleCalculatorTest$sumNormalSimpleCalculatorTest" name="testWithParams[Тест 2: (0) + (-3) = -3]" time="0"/>
  <testcase classname="SimpleCalculatorTest$sumNormalSimpleCalculatorTest" name="testWithParams[Тест 3: (-5) + (0) = -5]" time="0"/>
  <testcase classname="SimpleCalculatorTest$sumNormalSimpleCalculatorTest" name="testWithParams[Тест 4: (-1) + (4) = 3]" time="0"/>
</testsuite>